<?xml version="1.0" encoding="UTF-8"?>
<testng-results skipped="0" failed="0" ignored="0" total="1" passed="1">
  <reporter-output>
  </reporter-output>
  <suite name="Default suite" duration-ms="35769" started-at="2020-07-27T21:40:48 IST" finished-at="2020-07-27T21:41:24 IST">
    <groups>
    </groups>
    <test name="Default test" duration-ms="35769" started-at="2020-07-27T21:40:48 IST" finished-at="2020-07-27T21:41:24 IST">
      <class name="Fb_Demo.Browser_Launch">
        <test-method status="PASS" signature="browserLaunch()[pri:0, instance:Fb_Demo.Browser_Launch@1563da5]" name="browserLaunch" duration-ms="35594" started-at="2020-07-27T21:40:48 IST" finished-at="2020-07-27T21:41:24 IST">
          <reporter-output>
          </reporter-output>
        </test-method> <!-- browserLaunch -->
      </class> <!-- Fb_Demo.Browser_Launch -->
    </test> <!-- Default test -->
  </suite> <!-- Default suite -->
</testng-results>
